Info: Starting: Create block symbol file (.bsf)
Info: qsys-generate C:\Users\dannick\Documents\GitHub\hardware\soc_system.qsys --block-symbol-file --output-directory=C:\Users\dannick\Documents\GitHub\hardware\soc_system --family="Cyclone V" --part=5CSEMA5F31C6
Progress: Loading hardware/soc_system.qsys
Progress: Reading input file
Progress: Adding adc [altera_up_avalon_adc 17.0]
Progress: Parameterizing module adc
Progress: Adding clk_0 [clock_source 17.0]
Progress: Parameterizing module clk_0
Progress: Adding hex0 [seven_seg 1.0]
Progress: Parameterizing module hex0
Progress: Adding hex1 [seven_seg 1.0]
Progress: Parameterizing module hex1
Progress: Adding hex2 [seven_seg 1.0]
Progress: Parameterizing module hex2
Progress: Adding hex3 [seven_seg 1.0]
Progress: Parameterizing module hex3
Progress: Adding hex4 [seven_seg 1.0]
Progress: Parameterizing module hex4
Progress: Adding hex5 [seven_seg 1.0]
Progress: Parameterizing module hex5
Progress: Adding hps [altera_hps 17.0]
Progress: Parameterizing module hps
Progress: Adding multi_pwm_0 [multi_pwm 1.0]
Progress: Parameterizing module multi_pwm_0
Progress: Adding red_leds [altera_avalon_pio 17.0]
Progress: Parameterizing module red_leds
Progress: Adding switches [altera_avalon_pio 17.0]
Progress: Parameterizing module switches
Progress: Adding sysid_qsys_0 [altera_avalon_sysid_qsys 17.0]
Progress: Parameterizing module sysid_qsys_0
Progress: Building connections
Progress: Parameterizing connections
Progress: Validating
Progress: Done reading input file
Info: soc_system.hps: HPS Main PLL counter settings: n = 0  m = 63
Info: soc_system.hps: HPS peripherial PLL counter settings: n = 0  m = 39
Info: soc_system.switches: PIO inputs are not hardwired in test bench. Undefined values will be read from PIO inputs during simulation.
Info: soc_system.sysid_qsys_0: System ID is not assigned automatically. Edit the System ID parameter to provide a unique ID
Info: soc_system.sysid_qsys_0: Time stamp will be automatically updated when this component is generated.
Info: qsys-generate succeeded.
Info: Finished: Create block symbol file (.bsf)
Info: 
Info: Starting: Create HDL design files for synthesis
Info: qsys-generate C:\Users\dannick\Documents\GitHub\hardware\soc_system.qsys --synthesis=VHDL --output-directory=C:\Users\dannick\Documents\GitHub\hardware\soc_system\synthesis --family="Cyclone V" --part=5CSEMA5F31C6
Progress: Loading hardware/soc_system.qsys
Progress: Reading input file
Progress: Adding adc [altera_up_avalon_adc 17.0]
Progress: Parameterizing module adc
Progress: Adding clk_0 [clock_source 17.0]
Progress: Parameterizing module clk_0
Progress: Adding hex0 [seven_seg 1.0]
Progress: Parameterizing module hex0
Progress: Adding hex1 [seven_seg 1.0]
Progress: Parameterizing module hex1
Progress: Adding hex2 [seven_seg 1.0]
Progress: Parameterizing module hex2
Progress: Adding hex3 [seven_seg 1.0]
Progress: Parameterizing module hex3
Progress: Adding hex4 [seven_seg 1.0]
Progress: Parameterizing module hex4
Progress: Adding hex5 [seven_seg 1.0]
Progress: Parameterizing module hex5
Progress: Adding hps [altera_hps 17.0]
Progress: Parameterizing module hps
Progress: Adding multi_pwm_0 [multi_pwm 1.0]
Progress: Parameterizing module multi_pwm_0
Progress: Adding red_leds [altera_avalon_pio 17.0]
Progress: Parameterizing module red_leds
Progress: Adding switches [altera_avalon_pio 17.0]
Progress: Parameterizing module switches
Progress: Adding sysid_qsys_0 [altera_avalon_sysid_qsys 17.0]
Progress: Parameterizing module sysid_qsys_0
Progress: Building connections
Progress: Parameterizing connections
Progress: Validating
Progress: Done reading input file
Info: soc_system.hps: HPS Main PLL counter settings: n = 0  m = 63
Info: soc_system.hps: HPS peripherial PLL counter settings: n = 0  m = 39
Info: soc_system.switches: PIO inputs are not hardwired in test bench. Undefined values will be read from PIO inputs during simulation.
Info: soc_system.sysid_qsys_0: System ID is not assigned automatically. Edit the System ID parameter to provide a unique ID
Info: soc_system.sysid_qsys_0: Time stamp will be automatically updated when this component is generated.
Info: soc_system: Generating soc_system "soc_system" for QUARTUS_SYNTH
Info: adc: Starting Generation of ADC Controller for DE-series Board
Info: adc: C:/intelfpga/17.0/ip/altera/university_program/input_output/altera_up_avalon_adc/hdl/altera_up_avalon_adv_adc.v C:/Users/dannick/AppData/Local/Temp/alt7601_4670427573210816958.dir/0123_sopcgen/soc_system_adc.v
Info: adc: "soc_system" instantiated altera_up_avalon_adc "adc"
Info: hex0: "soc_system" instantiated seven_seg "hex0"
Info: hps: "Running  for module: hps"
Info: hps: HPS Main PLL counter settings: n = 0  m = 63
Info: hps: HPS peripherial PLL counter settings: n = 0  m = 39
Info: hps: "soc_system" instantiated altera_hps "hps"
Info: multi_pwm_0: "soc_system" instantiated multi_pwm "multi_pwm_0"
Info: red_leds: Starting RTL generation for module 'soc_system_red_leds'
Info: red_leds:   Generation command is [exec C:/intelfpga/17.0/quartus/bin64/perl/bin/perl.exe -I C:/intelfpga/17.0/quartus/bin64/perl/lib -I C:/intelfpga/17.0/quartus/sopc_builder/bin/europa -I C:/intelfpga/17.0/quartus/sopc_builder/bin/perl_lib -I C:/intelfpga/17.0/quartus/sopc_builder/bin -I C:/intelfpga/17.0/quartus/../ip/altera/sopc_builder_ip/common -I C:/intelfpga/17.0/quartus/../ip/altera/sopc_builder_ip/altera_avalon_pio -- C:/intelfpga/17.0/quartus/../ip/altera/sopc_builder_ip/altera_avalon_pio/generate_rtl.pl --name=soc_system_red_leds --dir=C:/Users/dannick/AppData/Local/Temp/alt7601_4670427573210816958.dir/0128_red_leds_gen/ --quartus_dir=C:/intelfpga/17.0/quartus --verilog --config=C:/Users/dannick/AppData/Local/Temp/alt7601_4670427573210816958.dir/0128_red_leds_gen//soc_system_red_leds_component_configuration.pl  --do_build_sim=0  ]
Info: red_leds: Done RTL generation for module 'soc_system_red_leds'
Info: red_leds: "soc_system" instantiated altera_avalon_pio "red_leds"
Info: switches: Starting RTL generation for module 'soc_system_switches'
Info: switches:   Generation command is [exec C:/intelfpga/17.0/quartus/bin64/perl/bin/perl.exe -I C:/intelfpga/17.0/quartus/bin64/perl/lib -I C:/intelfpga/17.0/quartus/sopc_builder/bin/europa -I C:/intelfpga/17.0/quartus/sopc_builder/bin/perl_lib -I C:/intelfpga/17.0/quartus/sopc_builder/bin -I C:/intelfpga/17.0/quartus/../ip/altera/sopc_builder_ip/common -I C:/intelfpga/17.0/quartus/../ip/altera/sopc_builder_ip/altera_avalon_pio -- C:/intelfpga/17.0/quartus/../ip/altera/sopc_builder_ip/altera_avalon_pio/generate_rtl.pl --name=soc_system_switches --dir=C:/Users/dannick/AppData/Local/Temp/alt7601_4670427573210816958.dir/0129_switches_gen/ --quartus_dir=C:/intelfpga/17.0/quartus --verilog --config=C:/Users/dannick/AppData/Local/Temp/alt7601_4670427573210816958.dir/0129_switches_gen//soc_system_switches_component_configuration.pl  --do_build_sim=0  ]
Info: switches: Done RTL generation for module 'soc_system_switches'
Info: switches: "soc_system" instantiated altera_avalon_pio "switches"
Info: sysid_qsys_0: "soc_system" instantiated altera_avalon_sysid_qsys "sysid_qsys_0"
Info: avalon_st_adapter: Inserting error_adapter: error_adapter_0
Info: avalon_st_adapter_001: Inserting error_adapter: error_adapter_0
Info: avalon_st_adapter_002: Inserting error_adapter: error_adapter_0
Info: avalon_st_adapter_003: Inserting error_adapter: error_adapter_0
Info: avalon_st_adapter_004: Inserting error_adapter: error_adapter_0
Info: avalon_st_adapter_005: Inserting error_adapter: error_adapter_0
Info: avalon_st_adapter_006: Inserting error_adapter: error_adapter_0
Info: avalon_st_adapter_007: Inserting error_adapter: error_adapter_0
Info: avalon_st_adapter_008: Inserting error_adapter: error_adapter_0
Info: avalon_st_adapter_009: Inserting error_adapter: error_adapter_0
Info: avalon_st_adapter_010: Inserting error_adapter: error_adapter_0
Info: mm_interconnect_0: "soc_system" instantiated altera_mm_interconnect "mm_interconnect_0"
Info: rst_controller: "soc_system" instantiated altera_reset_controller "rst_controller"
Info: fpga_interfaces: "hps" instantiated altera_interface_generator "fpga_interfaces"
Info: hps_io: "hps" instantiated altera_hps_io "hps_io"
Info: adc_adc_slave_translator: "mm_interconnect_0" instantiated altera_merlin_slave_translator "adc_adc_slave_translator"
Info: hps_h2f_lw_axi_master_agent: "mm_interconnect_0" instantiated altera_merlin_axi_master_ni "hps_h2f_lw_axi_master_agent"
Info: adc_adc_slave_agent: "mm_interconnect_0" instantiated altera_merlin_slave_agent "adc_adc_slave_agent"
Info: adc_adc_slave_agent_rsp_fifo: "mm_interconnect_0" instantiated altera_avalon_sc_fifo "adc_adc_slave_agent_rsp_fifo"
Info: router: "mm_interconnect_0" instantiated altera_merlin_router "router"
Info: router_002: "mm_interconnect_0" instantiated altera_merlin_router "router_002"
Info: hps_h2f_lw_axi_master_wr_limiter: "mm_interconnect_0" instantiated altera_merlin_traffic_limiter "hps_h2f_lw_axi_master_wr_limiter"
Info: Reusing file C:/Users/dannick/Documents/GitHub/hardware/soc_system/synthesis/submodules/altera_avalon_sc_fifo.v
Info: adc_adc_slave_burst_adapter: "mm_interconnect_0" instantiated altera_merlin_burst_adapter "adc_adc_slave_burst_adapter"
Info: Reusing file C:/Users/dannick/Documents/GitHub/hardware/soc_system/synthesis/submodules/altera_merlin_address_alignment.sv
Info: Reusing file C:/Users/dannick/Documents/GitHub/hardware/soc_system/synthesis/submodules/altera_avalon_st_pipeline_base.v
Info: cmd_demux: "mm_interconnect_0" instantiated altera_merlin_demultiplexer "cmd_demux"
Info: cmd_mux: "mm_interconnect_0" instantiated altera_merlin_multiplexer "cmd_mux"
Info: rsp_demux: "mm_interconnect_0" instantiated altera_merlin_demultiplexer "rsp_demux"
Info: rsp_mux: "mm_interconnect_0" instantiated altera_merlin_multiplexer "rsp_mux"
Info: Reusing file C:/Users/dannick/Documents/GitHub/hardware/soc_system/synthesis/submodules/altera_merlin_arbitrator.sv
Info: avalon_st_adapter: "mm_interconnect_0" instantiated altera_avalon_st_adapter "avalon_st_adapter"
Info: border: "hps_io" instantiated altera_interface_generator "border"
Info: error_adapter_0: "avalon_st_adapter" instantiated error_adapter "error_adapter_0"
Info: soc_system: Done "soc_system" with 27 modules, 87 files
Info: qsys-generate succeeded.
Info: Finished: Create HDL design files for synthesis
